 <500980112263575424> 30/11/2018 15:27:50.103     [Error  ] - "d:\magicxpaproject\_Trunk\Sources\Scripts\MGBCL042_00HEB.xml" not found., Program: "Main Program".
 <500980112263575424> 30/11/2018 15:27:58.433     [Error  ] - "v2l32.dll" not found., Program: "Main Program".
 <528566001364026368> 30/11/2018 15:32:32.560     [Error  ] - "d:\magicxpaproject\_Trunk\Sources\Scripts\MGBCL042_00HEB.xml" not found., Program: "Main Program".
 <528566001364026368> 30/11/2018 15:32:36.368     [Error  ] - "v2l32.dll" not found., Program: "Main Program".
 <82390211064498080> 30/11/2018 15:33:49.680     [Error  ] - "d:\magicxpaproject\_Trunk\Sources\Scripts\MGBCL042_00HEB.xml" not found., Program: "Main Program".
 <82390211064498080> 30/11/2018 15:33:53.724     [Error  ] - "v2l32.dll" not found., Program: "Main Program".
 <120373894064990928> 30/11/2018 15:51:48.918     [Error  ] - "d:\magicxpaproject\_Trunk\Sources\Scripts\MGBCL042_00HEB.xml" not found., Program: "Main Program".
 <120373894064990928> 30/11/2018 15:52:33.329     [Error  ] - "v2l32.dll" not found., Program: "Main Program".
 <556357040850690496> 30/11/2018 15:56:10.597     [Error  ] - "d:\magicxpaproject\_Trunk\Sources\Scripts\MGBCL042_00HEB.xml" not found., Program: "Main Program".
 <556357040850690496> 30/11/2018 15:56:45.191     [Error  ] - "v2l32.dll" not found., Program: "Main Program".
 <120373894064990928> 30/11/2018 16:02:42.969     [Error  ] - Aborting context 120373894064990928, Program: "Main Program".
 <556357040850690496> 30/11/2018 16:02:42.976     [Error  ] - Aborting context 556357040850690496, Program: "Main Program".
 <438773370575045184> 30/11/2018 16:10:49.818     [Error  ] - "d:\magicxpaproject\_Trunk\Sources\Scripts\MGBCL042_00HEB.xml" not found., Program: "Main Program".
 <438773370575045184> 30/11/2018 16:10:52.051     [Error  ] - "v2l32.dll" not found., Program: "Main Program".
 <79807948843875200> 30/11/2018 16:50:23.830     [Error  ] - "d:\magicxpaproject\_Trunk\Sources\Scripts\MGBCL042_00HEB.xml" not found., Program: "Main Program".
 <79807948843875200> 30/11/2018 16:50:50.202     [Error  ] - "v2l32.dll" not found., Program: "Main Program".
 <79807948843875200> 30/11/2018 16:59:03.783     [Error  ] - Aborting context 79807948843875200, Program: "Main Program".
 <516450612890720128> 30/11/2018 17:12:49.733     [Error  ] - "d:\magicxpaproject\_Trunk\Sources\Scripts\MGBCL042_00HEB.xml" not found., Program: "Main Program".
 <516450612890720128> 30/11/2018 17:13:19.621     [Error  ] - "v2l32.dll" not found., Program: "Main Program".
 <471476881845155968> 30/11/2018 17:24:47.560     [Error  ] - "d:\magicxpaproject\_Trunk\Sources\Scripts\MGBCL042_00HEB.xml" not found., Program: "Main Program".
 <471476881845155968> 30/11/2018 17:24:54.218     [Error  ] - "v2l32.dll" not found., Program: "Main Program".
 <371329892638777280> 30/11/2018 17:30:25.250     [Error  ] - "d:\magicxpaproject\_Trunk\Sources\Scripts\MGBCL042_00HEB.xml" not found., Program: "Main Program".
 <371329892638777280> 30/11/2018 17:30:27.525     [Error  ] - "v2l32.dll" not found., Program: "Main Program".
 <66035135951155584> 30/11/2018 17:35:05.664     [Error  ] - "d:\magicxpaproject\_Trunk\Sources\Scripts\MGBCL042_00HEB.xml" not found., Program: "Main Program".
 <66035135951155584> 30/11/2018 17:37:11.283     [Error  ] - Aborting context 66035135951155584, Program: "Main Program".
 <442528465054675520> 30/11/2018 17:37:46.546     [Error  ] - "d:\magicxpaproject\_Trunk\Sources\Scripts\MGBCL042_00HEB.xml" not found., Program: "Main Program".
 <442528465054675520> 30/11/2018 17:38:08.946     [Error  ] - "v2l32.dll" not found., Program: "Main Program".
 <442528465054675520> 30/11/2018 17:54:20.288     [Error  ] - Aborting context 442528465054675520, Program: "Main Program".
 <290152382730631936> 30/11/2018 17:54:48.432     [Error  ] - "d:\magicxpaproject\_Trunk\Sources\Scripts\MGBCL042_00HEB.xml" not found., Program: "Main Program".
 <290152382730631936> 30/11/2018 17:54:55.352     [Error  ] - "v2l32.dll" not found., Program: "Main Program".
 <127065505798774240> 30/11/2018 17:56:18.680     [Error  ] - "d:\magicxpaproject\_Trunk\Sources\Scripts\MGBCL042_00HEB.xml" not found., Program: "Main Program".
 <127065505798774240> 30/11/2018 17:56:20.486     [Error  ] - "v2l32.dll" not found., Program: "Main Program".
 <432666458780600512> 30/11/2018 18:05:06.315     [Error  ] - "d:\magicxpaproject\_Trunk\Sources\Scripts\MGBCL042_00HEB.xml" not found., Program: "Main Program".
 <432666458780600512> 30/11/2018 18:05:08.618     [Error  ] - "v2l32.dll" not found., Program: "Main Program".
 <237623126831264192> 30/11/2018 18:23:01.168     [Error  ] - "d:\magicxpaproject\_Trunk\Sources\Scripts\MGBCL042_00HEB.xml" not found., Program: "Main Program".
 <237623126831264192> 30/11/2018 18:23:03.824     [Error  ] - "v2l32.dll" not found., Program: "Main Program".
 <507749102985266944> 03/12/2018 09:22:09.503     [Error  ] - "d:\magicxpaproject\_Trunk\Sources\Scripts\MGBCL042_00HEB.xml" not found., Program: "Main Program".
 <507749102985266944> 03/12/2018 09:22:13.188     [Error  ] - "v2l32.dll" not found., Program: "Main Program".
 <216677530501415008> 03/12/2018 09:23:02.375     [Error  ] - "d:\magicxpaproject\_Trunk\Sources\Scripts\MGBCL042_00HEB.xml" not found., Program: "Main Program".
 <216677530501415008> 03/12/2018 09:23:20.779     [Error  ] - "v2l32.dll" not found., Program: "Main Program".
 <429973039637870976> 03/12/2018 09:32:34.408     [Error  ] - "d:\magicxpaproject\_Trunk\Sources\Scripts\MGBCL042_00HEB.xml" not found., Program: "Main Program".
 <429973039637870976> 03/12/2018 09:32:36.694     [Error  ] - "v2l32.dll" not found., Program: "Main Program".
 <179090909176436032> 03/12/2018 09:37:30.732     [Error  ] - "d:\magicxpaproject\_Trunk\Sources\Scripts\MGBCL042_00HEB.xml" not found., Program: "Main Program".
 <33303715419945840> 03/12/2018 09:38:03.038     [Error  ] - "d:\magicxpaproject\_Trunk\Sources\Scripts\MGBCL042_00HEB.xml" not found., Program: "Main Program".
 <179090909176436032> 03/12/2018 09:38:09.315     [Error  ] - "v2l32.dll" not found., Program: "Main Program".
 <179090909176436032> 03/12/2018 10:07:34.388     [Error  ] - Aborting context 179090909176436032, Program: "Main Program".
 <98224463838376992> 03/12/2018 10:08:15.511     [Error  ] - "d:\magicxpaproject\_Trunk\Sources\Scripts\MGBCL042_00HEB.xml" not found., Program: "Main Program".
 <98224463838376992> 03/12/2018 10:08:17.892     [Error  ] - "v2l32.dll" not found., Program: "Main Program".
 <527509412869711296> 03/12/2018 10:17:43.803     [Error  ] - "d:\magicxpaproject\_Trunk\Sources\Scripts\MGBCL042_00HEB.xml" not found., Program: "Main Program".
 <527509412869711296> 03/12/2018 10:18:08.760     [Error  ] - "v2l32.dll" not found., Program: "Main Program".
 <370336582158884160> 03/12/2018 10:29:28.541     [Error  ] - "d:\magicxpaproject\_Trunk\Sources\Scripts\MGBCL042_00HEB.xml" not found., Program: "Main Program".
 <370336582158884160> 03/12/2018 10:29:58.384     [Error  ] - "v2l32.dll" not found., Program: "Main Program".
 <371397713169626368> 03/12/2018 10:31:38.103     [Error  ] - "d:\magicxpaproject\_Trunk\Sources\Scripts\MGBCL042_00HEB.xml" not found., Program: "Main Program".
 <371397713169626368> 03/12/2018 10:31:54.480     [Error  ] - "v2l32.dll" not found., Program: "Main Program".
 <265318884945998464> 03/12/2018 10:36:16.832     [Error  ] - "d:\magicxpaproject\_Trunk\Sources\Scripts\MGBCL042_00HEB.xml" not found., Program: "Main Program".
 <265318884945998464> 03/12/2018 10:36:18.736     [Error  ] - "v2l32.dll" not found., Program: "Main Program".
 <447804988267959872> 03/12/2018 10:38:43.393     [Error  ] - "d:\magicxpaproject\_Trunk\Sources\Scripts\MGBCL042_00HEB.xml" not found., Program: "Main Program".
 <447804988267959872> 03/12/2018 10:41:39.182     [Error  ] - "v2l32.dll" not found., Program: "Main Program".
 <447804988267959872> 03/12/2018 11:12:11.586     [Error  ] - Aborting context 447804988267959872, Program: "Main Program".
 <397074274179159040> 03/12/2018 15:57:49.923     [Error  ] - "d:\magicxpaproject\_Trunk\Sources\Scripts\MGBCL042_00HEB.xml" not found., Program: "Main Program".
 <397074274179159040> 03/12/2018 15:57:54.597     [Error  ] - "v2l32.dll" not found., Program: "Main Program".
 <10422782014791436> 03/12/2018 16:09:02.867     [Error  ] - "d:\magicxpaproject\_Trunk\Sources\Scripts\MGBCL042_00HEB.xml" not found., Program: "Main Program".
 <10422782014791436> 03/12/2018 16:10:56.709     [Error  ] - "v2l32.dll" not found., Program: "Main Program".
 <260071072749655360> 03/12/2018 16:17:09.478     [Error  ] - "d:\magicxpaproject\_Trunk\Sources\Scripts\MGBCL042_00HEB.xml" not found., Program: "Main Program".
 <499543502660606976> 03/12/2018 16:18:19.677     [Error  ] - "d:\magicxpaproject\_Trunk\Sources\Scripts\MGBCL042_00HEB.xml" not found., Program: "Main Program".
 <499543502660606976> 03/12/2018 16:18:39.610     [Error  ] - "v2l32.dll" not found., Program: "Main Program".
 <563179082828746240> 03/12/2018 16:26:19.333     [Error  ] - "d:\magicxpaproject\_Trunk\Sources\Scripts\MGBCL042_00HEB.xml" not found., Program: "Main Program".
 <563179082828746240> 03/12/2018 16:26:33.448     [Error  ] - "v2l32.dll" not found., Program: "Main Program".
 <474879863569853120> 03/12/2018 16:32:44.023     [Error  ] - "d:\magicxpaproject\_Trunk\Sources\Scripts\MGBCL042_00HEB.xml" not found., Program: "Main Program".
 <474879863569853120> 03/12/2018 16:32:48.612     [Error  ] - "v2l32.dll" not found., Program: "Main Program".
 <554756668842450176> 03/12/2018 16:37:44.940     [Error  ] - "d:\magicxpaproject\_Trunk\Sources\Scripts\MGBCL042_00HEB.xml" not found., Program: "Main Program".
 <554756668842450176> 03/12/2018 16:37:49.190     [Error  ] - "v2l32.dll" not found., Program: "Main Program".
 <435053021940817664> 03/12/2018 16:39:20.372     [Error  ] - "d:\magicxpaproject\_Trunk\Sources\Scripts\MGBCL042_00HEB.xml" not found., Program: "Main Program".
 <435053021940817664> 03/12/2018 16:39:22.461     [Error  ] - "v2l32.dll" not found., Program: "Main Program".
 <171864998909766432> 03/12/2018 16:45:15.057     [Error  ] - "d:\magicxpaproject\_Trunk\Sources\Scripts\MGBCL042_00HEB.xml" not found., Program: "Main Program".
 <171864998909766432> 03/12/2018 16:45:59.761     [Error  ] - "v2l32.dll" not found., Program: "Main Program".
 <3780062748819498> 03/12/2018 16:49:38.466     [Error  ] - "d:\magicxpaproject\_Trunk\Sources\Scripts\MGBCL042_00HEB.xml" not found., Program: "Main Program".
 <3780062748819498> 03/12/2018 16:49:40.709     [Error  ] - "v2l32.dll" not found., Program: "Main Program".
 <477243865516103296> 03/12/2018 17:04:35.382     [Error  ] - "d:\magicxpaproject\_Trunk\Sources\Scripts\MGBCL042_00HEB.xml" not found., Program: "Main Program".
 <477243865516103296> 03/12/2018 17:04:37.324     [Error  ] - "v2l32.dll" not found., Program: "Main Program".
 <302033165622497216> 03/12/2018 17:08:24.479     [Error  ] - "d:\magicxpaproject\_Trunk\Sources\Scripts\MGBCL042_00HEB.xml" not found., Program: "Main Program".
 <302033165622497216> 03/12/2018 17:08:26.849     [Error  ] - "v2l32.dll" not found., Program: "Main Program".
 <302033165622497216> 03/12/2018 17:09:08.565     [Error  ] - Aborting context 302033165622497216, Program: "Main Program".
 <544986938762967040> 03/12/2018 17:09:33.658     [Error  ] - "d:\magicxpaproject\_Trunk\Sources\Scripts\MGBCL042_00HEB.xml" not found., Program: "Main Program".
 <544986938762967040> 03/12/2018 17:09:35.468     [Error  ] - "v2l32.dll" not found., Program: "Main Program".
 <397911047251383808> 03/12/2018 18:39:47.767     [Error  ] - "d:\magicxpaproject\_Trunk\Sources\Scripts\MGBCL042_00HEB.xml" not found., Program: "Main Program".
 <198968036614952672> 03/12/2018 18:42:31.485     [Error  ] - "d:\magicxpaproject\_Trunk\Sources\Scripts\MGBCL042_00HEB.xml" not found., Program: "Main Program".
 <442207371739352000> 03/12/2018 18:45:26.731     [Error  ] - "d:\magicxpaproject\_Trunk\Sources\Scripts\MGBCL042_00HEB.xml" not found., Program: "Main Program".
 <407381335800545728> 03/12/2018 18:49:50.467     [Error  ] - "d:\magicxpaproject\_Trunk\Sources\Scripts\MGBCL042_00HEB.xml" not found., Program: "Main Program".
 <76182493167093056> 03/12/2018 18:52:29.061     [Error  ] - "d:\magicxpaproject\_Trunk\Sources\Scripts\MGBCL042_00HEB.xml" not found., Program: "Main Program".
 <244980130390219552> 04/12/2018 09:01:56.629     [Error  ] - "d:\magicxpaproject\_Trunk\Sources\Scripts\MGBCL042_00HEB.xml" not found., Program: "Main Program".
 <22611587269922500> 04/12/2018 09:03:21.894     [Error  ] - "d:\magicxpaproject\_Trunk\Sources\Scripts\MGBCL042_00HEB.xml" not found., Program: "Main Program".
 <181242252656984992> 04/12/2018 09:20:31.772     [Error  ] - "d:\magicxpaproject\_Trunk\Sources\Scripts\MGBCL042_00HEB.xml" not found., Program: "Main Program".
 <358622278749831808> 04/12/2018 09:50:01.786     [Error  ] - "d:\magicxpaproject\_Trunk\Sources\Scripts\MGBCL042_00HEB.xml" not found., Program: "Main Program".
 <345198065905259776> 04/12/2018 09:54:11.197     [Error  ] - "d:\magicxpaproject\_Trunk\Sources\Scripts\MGBCL042_00HEB.xml" not found., Program: "Main Program".
 <210753211453478624> 04/12/2018 10:15:05.434     [Error  ] - "d:\magicxpaproject\_Trunk\Sources\Scripts\MGBCL042_00HEB.xml" not found., Program: "Main Program".
 <154567908652253248> 04/12/2018 10:26:21.053     [Error  ] - "d:\magicxpaproject\_Trunk\Sources\Scripts\MGBCL042_00HEB.xml" not found., Program: "Main Program".
 <347743728549418944> 04/12/2018 10:32:27.062     [Error  ] - "d:\magicxpaproject\_Trunk\Sources\Scripts\MGBCL042_00HEB.xml" not found., Program: "Main Program".
 <114885560418777264> 04/12/2018 11:08:39.260     [Error  ] - "d:\magicxpaproject\_Trunk\Sources\Scripts\MGBCL042_00HEB.xml" not found., Program: "Main Program".
 <381222605527752704> 04/12/2018 11:24:10.690     [Error  ] - "d:\magicxpaproject\_Trunk\Sources\Scripts\MGBCL042_00HEB.xml" not found., Program: "Main Program".
 <-1> 30/01/2019 12:21:40.536     [Error  ] - Error: "Unexpected error" (-200), Program: "Main Program".
 <-1> 01/02/2019 15:22:06.690     [Error  ] - Error: "Unexpected error" (-200), Program: "Main Program".
 <-1> 01/02/2019 15:27:36.879     [Error  ] - Error: "Unexpected error" (-200), Program: "Main Program".
 <-1> 01/02/2019 15:29:47.799     [Error  ] - Error: "Unexpected error" (-200), Program: "Main Program".
 <-1> 01/02/2019 15:30:35.496     [Error  ] - Error: "Unexpected error" (-200), Program: "Main Program".
 <-1> 01/02/2019 15:32:18.176     [Error  ] - Error: "Unexpected error" (-200), Program: "Main Program".
 <-1> 01/02/2019 16:04:06.793     [Error  ] - Server terminated unexpectedly: Error: "The xpa Server could not connect to the Broker" (-150), Program: "Main Program".
 <-1> 01/02/2019 16:04:14.980     [Error  ] - Server terminated unexpectedly: Error: "The xpa Server could not connect to the Broker" (-150), Program: "Main Program".
 <-1> 01/02/2019 16:14:48.246     [Error  ] - Server terminated unexpectedly: Error: "The xpa Server could not connect to the Broker" (-150), Program: "Main Program".
 <-1> 01/02/2019 16:28:47.593     [Error  ] - Server terminated unexpectedly: Error: "The xpa Server could not connect to the Broker" (-150), Program: "Main Program".
 <-1> 01/02/2019 16:29:39.559     [Error  ] - Error: "Cannot connect to the middleware" (-150), Program: "Main Program".
 <-1> 01/02/2019 16:29:39.564     [Error  ] - Could not find the broker. Runtime engine cannot run as a server., Program: "Main Program".
 <-1> 01/02/2019 18:03:59.791     [Error  ] - Error: "Cannot connect to the middleware" (-150), Program: "Main Program".
 <-1> 01/02/2019 18:03:59.797     [Error  ] - Could not find the broker. Runtime engine cannot run as a server., Program: "Main Program".
 <-1> 01/02/2019 18:05:37.336     [Error  ] - Server terminated unexpectedly: Error: "The xpa Server could not connect to the Broker" (-150), Program: "Main Program".
 <-1> 01/02/2019 18:07:20.719     [Error  ] - Server terminated unexpectedly: Error: "The xpa Server could not connect to the Broker" (-150), Program: "Main Program".
 <-1> 01/02/2019 18:07:56.740     [Error  ] - Error: "Cannot connect to the middleware" (-150), Program: "Main Program".
 <-1> 01/02/2019 18:07:56.742     [Error  ] - Could not find the broker. Runtime engine cannot run as a server., Program: "Main Program".
